make all --print-data-base --no-builtin-variables --no-builtin-rules --question
make: *** No rule to make target 'all'.  Stop.

# GNU Make 4.3
# Built for x86_64-unknown-linux-gnu
# Copyright (C) 1988-2020 Free Software Foundation, Inc.
# License GPLv3+: GNU GPL version 3 or later <http://gnu.org/licenses/gpl.html>
# This is free software: you are free to change and redistribute it.
# There is NO WARRANTY, to the extent permitted by law.

# Make data base, printed on Thu Jun  9 16:29:36 2022

# Variables

# environment
GDK_BACKEND = x11
# environment
LC_ALL = C
# environment
NO_AT_BRIDGE = 1
# environment
PULSE_SERVER = unix:/run/flatpak/pulse/native
# environment
GJS_DEBUG_OUTPUT = stderr
# environment
VSCODE_IPC_HOOK_EXTHOST = /run/user/1000/vscode-ipc-39eac78b-763b-4776-b511-1d77576c2eee.sock
# environment
SBX_CHROME_API_RQ = 1
# environment
VSCODE_CWD = /home/semeikin_kirill
# environment
GDM_LANG = ru_RU.UTF-8
# default
MAKE_COMMAND := make
# automatic
@D = $(patsubst %/,%,$(dir $@))
# environment
VSCODE_HANDLES_UNCAUGHT_ERRORS = true
# default
.VARIABLES := 
# environment
PWD = /home/semeikin_kirill/web/frontend-project-lvl4
# environment
ZYPAK_ZYGOTE_STRATEGY_SPAWN = 1
# automatic
%D = $(patsubst %/,%,$(dir $%))
# environment
GI_TYPELIB_PATH = /app/lib/girepository-1.0
# environment
HOSTNAME = fedora
# environment
MAIL = /var/spool/mail/semeikin_kirill
# environment
XDG_DATA_DIRS = /app/share:/usr/share:/usr/share/runtime/share:/run/host/user-share:/run/host/share
# automatic
^D = $(patsubst %/,%,$(dir $^))
# environment
VSCODE_LOG_STACK = false
# automatic
%F = $(notdir $%)
# environment
VSCODE_CODE_CACHE_PATH = /home/semeikin_kirill/.var/app/com.visualstudio.code/config/Code/CachedData/c3511e6c69bb39013c4a4b7b9566ec1ca73fc4d5
# environment
LANG = C
# environment
XAUTHORITY = /run/flatpak/Xauthority
# default
.LOADED := 
# default
.INCLUDE_DIRS = /usr/include /usr/include
# environment
ALSA_CONFIG_DIR = /usr/share/alsa
# makefile
MAKEFLAGS = pqrR
# environment
ZYPAK_SPAWN_LATEST_ON_REEXEC = 0
# makefile
CURDIR := /home/semeikin_kirill/web/frontend-project-lvl4
# environment
VSCODE_PIPE_LOGGING = true
# environment
APPLICATION_INSIGHTS_NO_DIAGNOSTIC_CHANNEL = true
# environment
LESSOPEN = ||/usr/bin/lesspipe.sh %s
# automatic
*D = $(patsubst %/,%,$(dir $*))
# environment
ZYPAK_LIB = /app/bin/../lib
# environment
MFLAGS = -pqrR
# environment
SSH_AUTH_SOCK = /run/flatpak/ssh-auth
# default
.SHELLFLAGS := -c
# environment
WAYLAND_DISPLAY = wayland-0
# environment
HISTSIZE = 1000
# environment
XDG_CONFIG_DIRS = /app/etc/xdg:/etc/xdg
# automatic
+D = $(patsubst %/,%,$(dir $+))
# environment
ALSA_CONFIG_PATH = /usr/share/alsa/alsa-flatpak.conf
# environment
XDG_SESSION_DESKTOP = gnome
# makefile (from 'Makefile', line 1)
MAKEFILE_LIST := Makefile
# environment
FLATPAK_SANDBOX_DIR = /home/semeikin_kirill/.var/app/com.visualstudio.code/sandbox
# automatic
@F = $(notdir $@)
# environment
VSCODE_VERBOSE_LOGGING = true
# environment
VSCODE_PID = 23
# environment
XDG_SESSION_TYPE = wayland
# automatic
?D = $(patsubst %/,%,$(dir $?))
# environment
AT_SPI_BUS_ADDRESS = unix:path=/run/flatpak/at-spi-bus
# environment
XDG_DATA_HOME = /home/semeikin_kirill/.var/app/com.visualstudio.code/data
# environment
SANDBOX_LD_PRELOAD = /app/bin/../lib/libzypak-preload-host.so:/app/bin/../lib/libzypak-preload-host-spawn-strategy.so
# environment
SESSION_MANAGER = local/unix:@/tmp/.ICE-unix/2132,unix/unix:/tmp/.ICE-unix/2132
# automatic
*F = $(notdir $*)
# environment
CHROME_DESKTOP = code-url-handler.desktop
# environment
DBUS_SESSION_BUS_ADDRESS = unix:path=/run/flatpak/bus
# automatic
<D = $(patsubst %/,%,$(dir $<))
# environment
VSCODE_NLS_CONFIG = {"locale":"ru","availableLanguages":{"*":"ru"},"_languagePackId":"6c87e287770fa80b3245e0a037b935fb.ru","_translationsConfigFile":"/home/semeikin_kirill/.var/app/com.visualstudio.code/config/Code/clp/6c87e287770fa80b3245e0a037b935fb.ru/tcf.json","_cacheRoot":"/home/semeikin_kirill/.var/app/com.visualstudio.code/config/Code/clp/6c87e287770fa80b3245e0a037b935fb.ru","_resolvedLanguagePackCoreLocation":"/home/semeikin_kirill/.var/app/com.visualstudio.code/config/Code/clp/6c87e287770fa80b3245e0a037b935fb.ru/c3511e6c69bb39013c4a4b7b9566ec1ca73fc4d5","_corruptedFile":"/home/semeikin_kirill/.var/app/com.visualstudio.code/config/Code/clp/6c87e287770fa80b3245e0a037b935fb.ru/corrupted.info","_languagePackSupport":true}
# environment
__EGL_EXTERNAL_PLATFORM_CONFIG_DIRS = /etc/egl/egl_external_platform.d:/usr/lib/x86_64-linux-gnu/GL/egl/egl_external_platform.d:/usr/share/egl/egl_external_platform.d
# default
MAKE_HOST := x86_64-unknown-linux-gnu
# makefile
SHELL = /bin/sh
# default
MAKECMDGOALS := all
# environment
XMODIFIERS = @im=ibus
# environment
LD_LIBRARY_PATH = /app/lib
# environment
GJS_DEBUG_TOPICS = JS ERROR;JS LOG
# environment
SANDBOX_LD_LIBRARY_PATH = /app/lib
# environment
SHLVL = 0
# environment
MAKELEVEL := 0
# default
MAKE = $(MAKE_COMMAND)
# environment
PATH = /app/bin:/app/bin:/app/bin:/usr/bin:/home/semeikin_kirill/.var/app/com.visualstudio.code/data/node_modules/bin
# environment
MOZ_GMP_PATH = /usr/lib64/mozilla/plugins/gmp-gmpopenh264/system-installed
# default
MAKEFILES := 
# automatic
^F = $(notdir $^)
# environment
DBUS_SYSTEM_BUS_ADDRESS = unix:path=/run/dbus/system_bus_socket
# environment
XDG_CONFIG_HOME = /home/semeikin_kirill/.var/app/com.visualstudio.code/config
# environment
INVOCATION_ID = 588a043387664336b0a31f11faf831d1
# environment
VSCODE_LOG_NATIVE = false
# environment
USERNAME = semeikin_kirill
# environment
GNOME_SETUP_DISPLAY = :1
# automatic
?F = $(notdir $?)
# environment
XDG_CURRENT_DESKTOP = GNOME
# automatic
+F = $(notdir $+)
# environment
DESKTOP_SESSION = gnome
# environment
GST_PLUGIN_SYSTEM_PATH = /app/lib/gstreamer-1.0:/usr/lib/extensions/gstreamer-1.0:/usr/lib/x86_64-linux-gnu/gstreamer-1.0
# environment
ORIGINAL_XDG_CURRENT_DESKTOP = GNOME
# 'override' directive
GNUMAKEFLAGS := 
# environment
LOGNAME = semeikin_kirill
# environment
container = flatpak
# environment
GIO_LAUNCHED_DESKTOP_FILE = /var/lib/flatpak/exports/share/applications/com.visualstudio.code.desktop
# environment
ASDF_DIR = /home/semeikin_kirill/.asdf
# makefile
.DEFAULT_GOAL := install
# environment
SYSTEMD_EXEC_PID = 2221
# environment
HISTCONTROL = ignoredups
# environment
EDITOR = /usr/bin/nano
# environment
NPM_CONFIG_GLOBALCONFIG = /app/etc/npmrc
# environment
USER = semeikin_kirill
# environment
DISPLAY = :99.0
# default
MAKE_VERSION := 4.3
# environment
MANAGERPID = 1886
# environment
which_declare = declare -f
# environment
DEBUGINFOD_URLS = https://debuginfod.fedoraproject.org/ 
# environment
GIO_LAUNCHED_DESKTOP_FILE_PID = 7649
# environment
_ = /usr/bin/make
# environment
XDG_RUNTIME_DIR = /run/user/1000
# environment
PULSE_CLIENTCONFIG = /run/flatpak/pulse/config
# environment
JOURNAL_STREAM = 8:35224
# environment
XDG_SESSION_CLASS = user
# environment
VSCODE_AMD_ENTRYPOINT = vs/workbench/api/node/extensionHostProcess
# environment
HOME = /home/semeikin_kirill
# environment
QT_IM_MODULE = ibus
# environment
ELECTRON_RUN_AS_NODE = 1
# environment
VSCODE_IPC_HOOK = /run/user/1000/vscode-fe9b62d6-1.67.2-main.sock
# default
.RECIPEPREFIX := 
# automatic
<F = $(notdir $<)
# default
SUFFIXES := 
# environment
XDG_CACHE_HOME = /home/semeikin_kirill/.var/app/com.visualstudio.code/cache
# environment
VSCODE_CLI = 1
# environment
ELECTRON_NO_ATTACH_CONSOLE = 1
# default
.FEATURES := target-specific order-only second-expansion else-if shortest-stem undefine oneshell nocomment grouped-target extra-prereqs archives jobserver output-sync check-symlink load
# environment
FLATPAK_ID = com.visualstudio.code
# environment
XDG_MENU_PREFIX = gnome-
# environment
ZYPAK_BIN = /app/bin
# environment
GDMSESSION = gnome
# variable set hash-table stats:
# Load=127/1024=12%, Rehash=0, Collisions=13/155=8%

# Pattern-specific Variable Values

# No pattern-specific variable values.

# Directories

# . (device 41, inode 150957): 27 files, no impossibilities.

# 27 files, no impossibilities in 1 directories.

# Implicit Rules

# No implicit rules.

# Files

start-frontend:
#  Implicit rule search has not been done.
#  Modification time never checked.
#  File has not been updated.
#  recipe to execute (from 'Makefile', line 10):
	npx webpack serve

deploy:
#  Implicit rule search has not been done.
#  Modification time never checked.
#  File has not been updated.
#  recipe to execute (from 'Makefile', line 25):
	git push heroku

start:
#  Implicit rule search has not been done.
#  Modification time never checked.
 
#  File has not been updated.
#  recipe to execute (from 'Makefile', line 4):
	heroku local -f Procfile.dev

lint:
#  Implicit rule search has not been done.
#  Modification time never checked.
#  File has not been updated.
#  recipe to execute (from 'Makefile', line 19):
	npx eslint . --ext js,jsx

start-backend:
#  Implicit rule search has not been done.
#  Modification time never checked.
#  File has not been updated.
#  recipe to execute (from 'Makefile', line 7):
	npm start --watch --verbose-watch

# Not a target:
Makefile:
#  Implicit rule search has been done.
#  Last modified 2022-05-06 10:23:25
#  File has been updated.
#  Successfully updated.

# Not a target:
.DEFAULT:
#  Implicit rule search has not been done.
#  Modification time never checked.
#  File has not been updated.

# Not a target:
all:
#  Command line target.
#  Implicit rule search has been done.
#  File does not exist.
#  File has not been updated.

publish:
#  Implicit rule search has not been done.
#  Modification time never checked.
#  File has not been updated.
#  recipe to execute (from 'Makefile', line 22):
	npm publish

build:
#  Implicit rule search has not been done.
#  Modification time never checked.
#  File has not been updated.
#  recipe to execute (from 'Makefile', line 16):
	npm run build

test:
#  Phony target (prerequisite of .PHONY).
#  Implicit rule search has not been done.
#  File does not exist.
#  File has not been updated.
#  recipe to execute (from 'Makefile', line 28):
	npm test -s

install-deps:
#  Implicit rule search has not been done.
#  Modification time never checked.
#  File has not been updated.
#  recipe to execute (from 'Makefile', line 13):
	npm ci

install: install-deps
#  Implicit rule search has not been done.
#  Modification time never checked.
#  File has not been updated.

.PHONY: test
#  Implicit rule search has not been done.
#  Modification time never checked.
#  File has not been updated.

# files hash-table stats:
# Load=15/1024=1%, Rehash=0, Collisions=0/28=0%
# VPATH Search Paths

# No 'vpath' search paths.

# No general ('VPATH' variable) search path.

# strcache buffers: 1 (0) / strings = 42 / storage = 420 B / avg = 10 B
# current buf: size = 8162 B / used = 420 B / count = 42 / avg = 10 B

# strcache performance: lookups = 59 / hit rate = 28%
# hash-table stats:
# Load=42/8192=1%, Rehash=0, Collisions=0/59=0%
# Finished Make data base on Thu Jun  9 16:29:36 2022

 
